# JRE version: Java(TM) SE Runtime Environment (8.0_181-b13) (build 1.8.0_181-b13)
# Java VM: Java HotSpot(TM) 64-Bit Server VM (25.181-b13 mixed mode windows-amd64 compressed oops)
Heap:
 garbage-first heap   total 5767168K, used 597538K [0x00000003c2000000, 0x00000003c3000b00, 0x00000007c0000000)
  region size 16384K, 1 young (16384K), 1 survivors (16384K)
 Metaspace       used 69338K, capacity 70267K, committed 70784K, reserved 1110016K
  class space    used 9783K, capacity 10062K, committed 10112K, reserved 1048576K
GC Heap History (10 events):
Event: 28.521 GC heap after
Heap after GC invocations=126 (full 0):
 garbage-first heap   total 671744K, used 513781K [0x00000003c2000000, 0x00000003c3000148, 0x00000007c0000000)
  region size 16384K, 1 young (16384K), 1 survivors (16384K)
 Metaspace       used 69338K, capacity 70267K, committed 70784K, reserved 1110016K
  class space    used 9783K, capacity 10062K, committed 10112K, reserved 1048576K
}
Event: 28.679 GC heap before
{Heap before GC invocations=127 (full 0):
 garbage-first heap   total 671744K, used 628469K [0x00000003c2000000, 0x00000003c3000148, 0x00000007c0000000)
  region size 16384K, 8 young (131072K), 1 survivors (16384K)
 Metaspace       used 69338K, capacity 70267K, committed 70784K, reserved 1110016K
  class space    used 9783K, capacity 10062K, committed 10112K, reserved 1048576K
Event: 28.699 GC heap after
Heap after GC invocations=128 (full 0):
 garbage-first heap   total 688128K, used 529060K [0x00000003c2000000, 0x00000003c3000150, 0x00000007c0000000)
  region size 16384K, 1 young (16384K), 1 survivors (16384K)
 Metaspace       used 69338K, capacity 70267K, committed 70784K, reserved 1110016K
  class space    used 9783K, capacity 10062K, committed 10112K, reserved 1048576K
}
Event: 28.813 GC heap before
{Heap before GC invocations=128 (full 0):
 garbage-first heap   total 688128K, used 643748K [0x00000003c2000000, 0x00000003c3000150, 0x00000007c0000000)
  region size 16384K, 8 young (131072K), 1 survivors (16384K)
 Metaspace       used 69338K, capacity 70267K, committed 70784K, reserved 1110016K
  class space    used 9783K, capacity 10062K, committed 10112K, reserved 1048576K
Event: 28.888 GC heap after
Heap after GC invocations=129 (full 0):
 garbage-first heap   total 753664K, used 523872K [0x00000003c2000000, 0x00000003c3000170, 0x00000007c0000000)
  region size 16384K, 1 young (16384K), 1 survivors (16384K)
 Metaspace       used 69338K, capacity 70267K, committed 70784K, reserved 1110016K
  class space    used 9783K, capacity 10062K, committed 10112K, reserved 1048576K
}
Event: 29.007 GC heap before
{Heap before GC invocations=129 (full 0):
 garbage-first heap   total 753664K, used 638560K [0x00000003c2000000, 0x00000003c3000170, 0x00000007c0000000)
  region size 16384K, 8 young (131072K), 1 survivors (16384K)
 Metaspace       used 69338K, capacity 70267K, committed 70784K, reserved 1110016K
  class space    used 9783K, capacity 10062K, committed 10112K, reserved 1048576K
Event: 29.024 GC heap after
Heap after GC invocations=130 (full 0):
 garbage-first heap   total 1507328K, used 563881K [0x00000003c2000000, 0x00000003c30002e0, 0x00000007c0000000)
  region size 16384K, 1 young (16384K), 1 survivors (16384K)
 Metaspace       used 69338K, capacity 70267K, committed 70784K, reserved 1110016K
  class space    used 9783K, capacity 10062K, committed 10112K, reserved 1048576K
}
Event: 29.182 GC heap before
{Heap before GC invocations=130 (full 0):
 garbage-first heap   total 1507328K, used 678569K [0x00000003c2000000, 0x00000003c30002e0, 0x00000007c0000000)
  region size 16384K, 8 young (131072K), 1 survivors (16384K)
 Metaspace       used 69338K, capacity 70267K, committed 70784K, reserved 1110016K
  class space    used 9783K, capacity 10062K, committed 10112K, reserved 1048576K
Event: 29.207 GC heap after
Heap after GC invocations=131 (full 0):
 garbage-first heap   total 3014656K, used 579957K [0x00000003c2000000, 0x00000003c30005c0, 0x00000007c0000000)
  region size 16384K, 1 young (16384K), 1 survivors (16384K)
 Metaspace       used 69338K, capacity 70267K, committed 70784K, reserved 1110016K
  class space    used 9783K, capacity 10062K, committed 10112K, reserved 1048576K
}
Event: 29.363 GC heap before
{Heap before GC invocations=131 (full 0):
 garbage-first heap   total 3014656K, used 694645K [0x00000003c2000000, 0x00000003c30005c0, 0x00000007c0000000)
  region size 16384K, 8 young (131072K), 1 survivors (16384K)
 Metaspace       used 69338K, capacity 70267K, committed 70784K, reserved 1110016K
  class space    used 9783K, capacity 10062K, committed 10112K, reserved 1048576K

